빌드 시작: 2022-06-24 오후 9:03:37
     1>2 노드의 "D:\GitHub_Backup\TENGAI_TEAM_몬스터 총알 및 패턴 구현\TENGAI\TENGAI.vcxproj" 프로젝트(Build 대상)입니다.
     1>ClCompile:
         C:\Program Files (x86)\Microsoft Visual Studio 14.0\VC\bin\x86_amd64\CL.exe /c /ZI /nologo /W3 /WX- /sdl /Od /D _DEBUG /D _WINDOWS /D _UNICODE /D UNICODE /Gm /EHsc /RTC1 /MDd /GS /fp:precise /Zc:wchar_t /Zc:forScope /Zc:inline /Yu"pch.h" /Fp"x64\Debug\TENGAI.pch" /Fo"x64\Debug\\" /Fd"x64\Debug\vc140.pdb" /Gd /TP /errorReport:prompt CollisionMgr.cpp MainGame.cpp Monster.cpp
         MainGame.cpp
     1>d:\github_backup\tengai_team_몬스터 총알 및 패턴 구현\tengai\maingame.cpp(14): warning C4244: '인수': 'time_t'에서 'unsigned int'(으)로 변환하면서 데이터가 손실될 수 있습니다.
     1>d:\github_backup\tengai_team_몬스터 총알 및 패턴 구현\tengai\maingame.cpp(36): warning C4244: '인수': 'int'에서 'float'(으)로 변환하면서 데이터가 손실될 수 있습니다.
         코드를 생성하고 있습니다...
         건너뛰고 있습니다... (관련된 변경 내용 없음)
         CollisionMgr.cpp
         Monster.cpp
       Link:
         C:\Program Files (x86)\Microsoft Visual Studio 14.0\VC\bin\x86_amd64\link.exe /ERRORREPORT:PROMPT /OUT:"D:\GitHub_Backup\TENGAI_TEAM_몬스터 총알 및 패턴 구현\x64\Debug\TENGAI.exe" /INCREMENTAL /NOLOGO kernel32.lib user32.lib gdi32.lib winspool.lib comdlg32.lib advapi32.lib shell32.lib ole32.lib oleaut32.lib uuid.lib odbc32.lib odbccp32.lib /MANIFEST /MANIFESTUAC:"level='asInvoker' uiAccess='false'" /manifest:embed /Debug /PDB:"D:\GitHub_Backup\TENGAI_TEAM_몬스터 총알 및 패턴 구현\x64\Debug\TENGAI.pdb" /SUBSYSTEM:WINDOWS /TLBID:1 /DYNAMICBASE /NXCOMPAT /IMPLIB:"D:\GitHub_Backup\TENGAI_TEAM_몬스터 총알 및 패턴 구현\x64\Debug\TENGAI.lib" /MACHINE:X64 x64\Debug\TENGAI.res
         x64\Debug\Bullet.obj
         x64\Debug\CollisionMgr.obj
         x64\Debug\Item.obj
         x64\Debug\MainGame.obj
         x64\Debug\Monster.obj
         x64\Debug\Obj.obj
         x64\Debug\pch.obj
         x64\Debug\Player.obj
         x64\Debug\WindowMain.obj
         TENGAI.vcxproj -> D:\GitHub_Backup\TENGAI_TEAM_몬스터 총알 및 패턴 구현\x64\Debug\TENGAI.exe
     1>"D:\GitHub_Backup\TENGAI_TEAM_몬스터 총알 및 패턴 구현\TENGAI\TENGAI.vcxproj" 프로젝트를 빌드했습니다(Build 대상).

빌드했습니다.

경과 시간: 00:00:01.13
